[2021-11-10T18:20:31.857] [ERROR] myError - ReferenceError: allProducts is not defined
    at exports.findAll (D:\Cursos\Programación\Programacion-Backend\Entregas\Pre entrega 3\src\controller\product.js:59:14)
    at processTicksAndRejections (internal/process/task_queues.js:93:5)
[2021-11-10T18:21:03.624] [ERROR] myError - ReferenceError: allProducts is not defined
    at exports.findAll (D:\Cursos\Programación\Programacion-Backend\Entregas\Pre entrega 3\src\controller\product.js:59:14)
    at processTicksAndRejections (internal/process/task_queues.js:93:5)
[2021-11-10T18:21:47.869] [ERROR] myError - ReferenceError: allProducts is not defined
    at exports.findAll (D:\Cursos\Programación\Programacion-Backend\Entregas\Pre entrega 3\src\controller\product.js:59:14)
    at processTicksAndRejections (internal/process/task_queues.js:93:5)
[2021-11-10T18:21:52.851] [ERROR] myError - ReferenceError: allProducts is not defined
    at exports.findAll (D:\Cursos\Programación\Programacion-Backend\Entregas\Pre entrega 3\src\controller\product.js:59:14)
    at processTicksAndRejections (internal/process/task_queues.js:93:5)
[2021-11-10T18:22:18.636] [ERROR] myError - ReferenceError: allProducts is not defined
    at exports.findAll (D:\Cursos\Programación\Programacion-Backend\Entregas\Pre entrega 3\src\controller\product.js:59:14)
    at processTicksAndRejections (internal/process/task_queues.js:93:5)
[2021-11-11T20:17:51.749] [ERROR] myError - CastError: Cast to ObjectId failed for value "welcome" (type string) at path "_id" for model "Product"
    at model.Query.exec (D:\Cursos\Programación\Programacion-Backend\Entregas\Pre entrega 3\node_modules\mongoose\lib\query.js:4543:21)
    at model.Query.Query.then (D:\Cursos\Programación\Programacion-Backend\Entregas\Pre entrega 3\node_modules\mongoose\lib\query.js:4642:15)
    at processTicksAndRejections (internal/process/task_queues.js:93:5) {
  messageFormat: undefined,
  stringValue: '"welcome"',
  kind: 'ObjectId',
  value: 'welcome',
  path: '_id',
  reason: TypeError: Argument passed in must be a Buffer or string of 12 bytes or a string of 24 hex characters
      at new ObjectId (D:\Cursos\Programación\Programacion-Backend\Entregas\Pre entrega 3\node_modules\bson\lib\objectid.js:61:23)
      at castObjectId (D:\Cursos\Programación\Programacion-Backend\Entregas\Pre entrega 3\node_modules\mongoose\lib\cast\objectid.js:25:12)
      at ObjectId.cast (D:\Cursos\Programación\Programacion-Backend\Entregas\Pre entrega 3\node_modules\mongoose\lib\schema\objectid.js:246:12)
      at ObjectId.SchemaType.applySetters (D:\Cursos\Programación\Programacion-Backend\Entregas\Pre entrega 3\node_modules\mongoose\lib\schematype.js:1122:12)
      at ObjectId.SchemaType._castForQuery (D:\Cursos\Programación\Programacion-Backend\Entregas\Pre entrega 3\node_modules\mongoose\lib\schematype.js:1553:15)
      at ObjectId.SchemaType.castForQuery (D:\Cursos\Programación\Programacion-Backend\Entregas\Pre entrega 3\node_modules\mongoose\lib\schematype.js:1543:15)
      at ObjectId.SchemaType.castForQueryWrapper (D:\Cursos\Programación\Programacion-Backend\Entregas\Pre entrega 3\node_modules\mongoose\lib\schematype.js:1520:20)
      at cast (D:\Cursos\Programación\Programacion-Backend\Entregas\Pre entrega 3\node_modules\mongoose\lib\cast.js:333:32)
      at model.Query.Query.cast (D:\Cursos\Programación\Programacion-Backend\Entregas\Pre entrega 3\node_modules\mongoose\lib\query.js:4966:12)
      at model.Query.Query._castConditions (D:\Cursos\Programación\Programacion-Backend\Entregas\Pre entrega 3\node_modules\mongoose\lib\query.js:2058:10),
  valueType: 'string'
}
[2021-11-11T20:24:08.026] [ERROR] myError - CastError: Cast to ObjectId failed for value "welcome" (type string) at path "_id" for model "Product"
    at model.Query.exec (D:\Cursos\Programación\Programacion-Backend\Entregas\Pre entrega 3\node_modules\mongoose\lib\query.js:4543:21)
    at model.Query.Query.then (D:\Cursos\Programación\Programacion-Backend\Entregas\Pre entrega 3\node_modules\mongoose\lib\query.js:4642:15)
    at processTicksAndRejections (internal/process/task_queues.js:93:5) {
  messageFormat: undefined,
  stringValue: '"welcome"',
  kind: 'ObjectId',
  value: 'welcome',
  path: '_id',
  reason: TypeError: Argument passed in must be a Buffer or string of 12 bytes or a string of 24 hex characters
      at new ObjectId (D:\Cursos\Programación\Programacion-Backend\Entregas\Pre entrega 3\node_modules\bson\lib\objectid.js:61:23)
      at castObjectId (D:\Cursos\Programación\Programacion-Backend\Entregas\Pre entrega 3\node_modules\mongoose\lib\cast\objectid.js:25:12)
      at ObjectId.cast (D:\Cursos\Programación\Programacion-Backend\Entregas\Pre entrega 3\node_modules\mongoose\lib\schema\objectid.js:246:12)
      at ObjectId.SchemaType.applySetters (D:\Cursos\Programación\Programacion-Backend\Entregas\Pre entrega 3\node_modules\mongoose\lib\schematype.js:1122:12)
      at ObjectId.SchemaType._castForQuery (D:\Cursos\Programación\Programacion-Backend\Entregas\Pre entrega 3\node_modules\mongoose\lib\schematype.js:1553:15)
      at ObjectId.SchemaType.castForQuery (D:\Cursos\Programación\Programacion-Backend\Entregas\Pre entrega 3\node_modules\mongoose\lib\schematype.js:1543:15)
      at ObjectId.SchemaType.castForQueryWrapper (D:\Cursos\Programación\Programacion-Backend\Entregas\Pre entrega 3\node_modules\mongoose\lib\schematype.js:1520:20)
      at cast (D:\Cursos\Programación\Programacion-Backend\Entregas\Pre entrega 3\node_modules\mongoose\lib\cast.js:333:32)
      at model.Query.Query.cast (D:\Cursos\Programación\Programacion-Backend\Entregas\Pre entrega 3\node_modules\mongoose\lib\query.js:4966:12)
      at model.Query.Query._castConditions (D:\Cursos\Programación\Programacion-Backend\Entregas\Pre entrega 3\node_modules\mongoose\lib\query.js:2058:10),
  valueType: 'string'
}
[2021-11-11T20:44:35.993] [ERROR] myError - Error [ERR_HTTP_HEADERS_SENT]: Cannot set headers after they are sent to the client
    at ServerResponse.setHeader (_http_outgoing.js:558:11)
    at ServerResponse.header (D:\Cursos\Programación\Programacion-Backend\Entregas\Pre entrega 3\node_modules\express\lib\response.js:771:10)
    at ServerResponse.location (D:\Cursos\Programación\Programacion-Backend\Entregas\Pre entrega 3\node_modules\express\lib\response.js:888:15)
    at ServerResponse.redirect (D:\Cursos\Programación\Programacion-Backend\Entregas\Pre entrega 3\node_modules\express\lib\response.js:926:18)
    at exports.createProduct (D:\Cursos\Programación\Programacion-Backend\Entregas\Pre entrega 3\src\controller\product.js:42:9)
    at runMicrotasks (<anonymous>)
    at processTicksAndRejections (internal/process/task_queues.js:93:5) {
  code: 'ERR_HTTP_HEADERS_SENT'
}
[2021-11-12T11:22:44.183] [ERROR] myError - CastError: Cast to ObjectId failed for value "welcome" (type string) at path "_id" for model "Product"
    at model.Query.exec (D:\Cursos\Programación\Programacion-Backend\Entregas\Pre entrega 3\node_modules\mongoose\lib\query.js:4543:21)
    at model.Query.Query.then (D:\Cursos\Programación\Programacion-Backend\Entregas\Pre entrega 3\node_modules\mongoose\lib\query.js:4642:15)
    at processTicksAndRejections (internal/process/task_queues.js:93:5) {
  messageFormat: undefined,
  stringValue: '"welcome"',
  kind: 'ObjectId',
  value: 'welcome',
  path: '_id',
  reason: TypeError: Argument passed in must be a Buffer or string of 12 bytes or a string of 24 hex characters
      at new ObjectId (D:\Cursos\Programación\Programacion-Backend\Entregas\Pre entrega 3\node_modules\bson\lib\objectid.js:61:23)
      at castObjectId (D:\Cursos\Programación\Programacion-Backend\Entregas\Pre entrega 3\node_modules\mongoose\lib\cast\objectid.js:25:12)
      at ObjectId.cast (D:\Cursos\Programación\Programacion-Backend\Entregas\Pre entrega 3\node_modules\mongoose\lib\schema\objectid.js:246:12)
      at ObjectId.SchemaType.applySetters (D:\Cursos\Programación\Programacion-Backend\Entregas\Pre entrega 3\node_modules\mongoose\lib\schematype.js:1122:12)
      at ObjectId.SchemaType._castForQuery (D:\Cursos\Programación\Programacion-Backend\Entregas\Pre entrega 3\node_modules\mongoose\lib\schematype.js:1553:15)
      at ObjectId.SchemaType.castForQuery (D:\Cursos\Programación\Programacion-Backend\Entregas\Pre entrega 3\node_modules\mongoose\lib\schematype.js:1543:15)
      at ObjectId.SchemaType.castForQueryWrapper (D:\Cursos\Programación\Programacion-Backend\Entregas\Pre entrega 3\node_modules\mongoose\lib\schematype.js:1520:20)
      at cast (D:\Cursos\Programación\Programacion-Backend\Entregas\Pre entrega 3\node_modules\mongoose\lib\cast.js:333:32)
      at model.Query.Query.cast (D:\Cursos\Programación\Programacion-Backend\Entregas\Pre entrega 3\node_modules\mongoose\lib\query.js:4966:12)
      at model.Query.Query._castConditions (D:\Cursos\Programación\Programacion-Backend\Entregas\Pre entrega 3\node_modules\mongoose\lib\query.js:2058:10),
  valueType: 'string'
}
[2021-11-12T11:26:02.706] [ERROR] myError - RangeError [ERR_HTTP_INVALID_STATUS_CODE]: Invalid status code: { productsRetrieved: [Array] }
    at ServerResponse.writeHead (_http_server.js:255:11)
    at ServerResponse.writeHead (D:\Cursos\Programación\Programacion-Backend\Entregas\Pre entrega 3\node_modules\on-headers\index.js:44:26)
    at ServerResponse.writeHead (D:\Cursos\Programación\Programacion-Backend\Entregas\Pre entrega 3\node_modules\on-headers\index.js:44:26)
    at ServerResponse._implicitHeader (_http_server.js:246:8)
    at writetop (D:\Cursos\Programación\Programacion-Backend\Entregas\Pre entrega 3\node_modules\express-session\index.js:276:15)
    at ServerResponse.end (D:\Cursos\Programación\Programacion-Backend\Entregas\Pre entrega 3\node_modules\express-session\index.js:343:16)
    at ServerResponse.redirect (D:\Cursos\Programación\Programacion-Backend\Entregas\Pre entrega 3\node_modules\express\lib\response.js:951:10)
    at exports.getByPrice (D:\Cursos\Programación\Programacion-Backend\Entregas\Pre entrega 3\src\controller\product.js:150:9)
    at processTicksAndRejections (internal/process/task_queues.js:93:5) {
  code: 'ERR_HTTP_INVALID_STATUS_CODE'
}
[2021-11-14T21:35:02.880] [ERROR] myError - CastError: Cast to ObjectId failed for value "welcome" (type string) at path "_id" for model "Product"
    at model.Query.exec (D:\Cursos\Programación\Programacion-Backend\Entregas\Pre entrega 3\node_modules\mongoose\lib\query.js:4543:21)
    at model.Query.Query.then (D:\Cursos\Programación\Programacion-Backend\Entregas\Pre entrega 3\node_modules\mongoose\lib\query.js:4642:15)
    at processTicksAndRejections (internal/process/task_queues.js:93:5) {
  messageFormat: undefined,
  stringValue: '"welcome"',
  kind: 'ObjectId',
  value: 'welcome',
  path: '_id',
  reason: TypeError: Argument passed in must be a Buffer or string of 12 bytes or a string of 24 hex characters
      at new ObjectId (D:\Cursos\Programación\Programacion-Backend\Entregas\Pre entrega 3\node_modules\bson\lib\objectid.js:61:23)
      at castObjectId (D:\Cursos\Programación\Programacion-Backend\Entregas\Pre entrega 3\node_modules\mongoose\lib\cast\objectid.js:25:12)
      at ObjectId.cast (D:\Cursos\Programación\Programacion-Backend\Entregas\Pre entrega 3\node_modules\mongoose\lib\schema\objectid.js:246:12)
      at ObjectId.SchemaType.applySetters (D:\Cursos\Programación\Programacion-Backend\Entregas\Pre entrega 3\node_modules\mongoose\lib\schematype.js:1122:12)
      at ObjectId.SchemaType._castForQuery (D:\Cursos\Programación\Programacion-Backend\Entregas\Pre entrega 3\node_modules\mongoose\lib\schematype.js:1553:15)
      at ObjectId.SchemaType.castForQuery (D:\Cursos\Programación\Programacion-Backend\Entregas\Pre entrega 3\node_modules\mongoose\lib\schematype.js:1543:15)
      at ObjectId.SchemaType.castForQueryWrapper (D:\Cursos\Programación\Programacion-Backend\Entregas\Pre entrega 3\node_modules\mongoose\lib\schematype.js:1520:20)
      at cast (D:\Cursos\Programación\Programacion-Backend\Entregas\Pre entrega 3\node_modules\mongoose\lib\cast.js:333:32)
      at model.Query.Query.cast (D:\Cursos\Programación\Programacion-Backend\Entregas\Pre entrega 3\node_modules\mongoose\lib\query.js:4966:12)
      at model.Query.Query._castConditions (D:\Cursos\Programación\Programacion-Backend\Entregas\Pre entrega 3\node_modules\mongoose\lib\query.js:2058:10),
  valueType: 'string'
}
[2021-11-15T21:28:13.073] [ERROR] myError - CastError: Cast to Number failed for value "NaN" (type number) at path "price" for model "Product"
    at model.Query.exec (D:\Cursos\Programación\Programacion-Backend\Entregas\Pre entrega 3\node_modules\mongoose\lib\query.js:4543:21)
    at model.Query.Query.then (D:\Cursos\Programación\Programacion-Backend\Entregas\Pre entrega 3\node_modules\mongoose\lib\query.js:4642:15)
    at processTicksAndRejections (internal/process/task_queues.js:93:5) {
  messageFormat: undefined,
  stringValue: '"NaN"',
  kind: 'Number',
  value: NaN,
  path: 'price',
  reason: AssertionError [ERR_ASSERTION]: The expression evaluated to a falsy value:
  
    assert.ok(!isNaN(val))
  
      at castNumber (D:\Cursos\Programación\Programacion-Backend\Entregas\Pre entrega 3\node_modules\mongoose\lib\cast\number.js:28:10)
      at SchemaNumber.cast (D:\Cursos\Programación\Programacion-Backend\Entregas\Pre entrega 3\node_modules\mongoose\lib\schema\number.js:371:12)
      at SchemaNumber.handleSingle (D:\Cursos\Programación\Programacion-Backend\Entregas\Pre entrega 3\node_modules\mongoose\lib\schema\number.js:382:15)
      at SchemaNumber.castForQuery (D:\Cursos\Programación\Programacion-Backend\Entregas\Pre entrega 3\node_modules\mongoose\lib\schema\number.js:423:20)
      at SchemaNumber.SchemaType.castForQueryWrapper (D:\Cursos\Programación\Programacion-Backend\Entregas\Pre entrega 3\node_modules\mongoose\lib\schematype.js:1510:22)
      at cast (D:\Cursos\Programación\Programacion-Backend\Entregas\Pre entrega 3\node_modules\mongoose\lib\cast.js:312:39)
      at cast (D:\Cursos\Programación\Programacion-Backend\Entregas\Pre entrega 3\node_modules\mongoose\lib\cast.js:75:18)
      at model.Query.Query.cast (D:\Cursos\Programación\Programacion-Backend\Entregas\Pre entrega 3\node_modules\mongoose\lib\query.js:4966:12)
      at model.Query.Query._castConditions (D:\Cursos\Programación\Programacion-Backend\Entregas\Pre entrega 3\node_modules\mongoose\lib\query.js:2058:10)
      at model.Query.<anonymous> (D:\Cursos\Programación\Programacion-Backend\Entregas\Pre entrega 3\node_modules\mongoose\lib\query.js:2085:8) {
    generatedMessage: true,
    code: 'ERR_ASSERTION',
    actual: false,
    expected: true,
    operator: '=='
  },
  valueType: 'number'
}
[2021-11-15T21:29:29.962] [ERROR] myError - ReferenceError: priceminx is not defined
    at exports.getByPrice (D:\Cursos\Programación\Programacion-Backend\Entregas\Pre entrega 3\src\controller\product.js:145:28)
    at Layer.handle [as handle_request] (D:\Cursos\Programación\Programacion-Backend\Entregas\Pre entrega 3\node_modules\express\lib\router\layer.js:95:5)
    at next (D:\Cursos\Programación\Programacion-Backend\Entregas\Pre entrega 3\node_modules\express\lib\router\route.js:137:13)
    at Route.dispatch (D:\Cursos\Programación\Programacion-Backend\Entregas\Pre entrega 3\node_modules\express\lib\router\route.js:112:3)
    at Layer.handle [as handle_request] (D:\Cursos\Programación\Programacion-Backend\Entregas\Pre entrega 3\node_modules\express\lib\router\layer.js:95:5)
    at D:\Cursos\Programación\Programacion-Backend\Entregas\Pre entrega 3\node_modules\express\lib\router\index.js:281:22
    at Function.process_params (D:\Cursos\Programación\Programacion-Backend\Entregas\Pre entrega 3\node_modules\express\lib\router\index.js:335:12)
    at next (D:\Cursos\Programación\Programacion-Backend\Entregas\Pre entrega 3\node_modules\express\lib\router\index.js:275:10)
    at Function.handle (D:\Cursos\Programación\Programacion-Backend\Entregas\Pre entrega 3\node_modules\express\lib\router\index.js:174:3)
    at router (D:\Cursos\Programación\Programacion-Backend\Entregas\Pre entrega 3\node_modules\express\lib\router\index.js:47:12)
[2021-11-15T21:30:00.343] [ERROR] myError - CastError: Cast to Number failed for value "NaN" (type number) at path "price" for model "Product"
    at model.Query.exec (D:\Cursos\Programación\Programacion-Backend\Entregas\Pre entrega 3\node_modules\mongoose\lib\query.js:4543:21)
    at model.Query.Query.then (D:\Cursos\Programación\Programacion-Backend\Entregas\Pre entrega 3\node_modules\mongoose\lib\query.js:4642:15)
    at processTicksAndRejections (internal/process/task_queues.js:93:5) {
  messageFormat: undefined,
  stringValue: '"NaN"',
  kind: 'Number',
  value: NaN,
  path: 'price',
  reason: AssertionError [ERR_ASSERTION]: The expression evaluated to a falsy value:
  
    assert.ok(!isNaN(val))
  
      at castNumber (D:\Cursos\Programación\Programacion-Backend\Entregas\Pre entrega 3\node_modules\mongoose\lib\cast\number.js:28:10)
      at SchemaNumber.cast (D:\Cursos\Programación\Programacion-Backend\Entregas\Pre entrega 3\node_modules\mongoose\lib\schema\number.js:371:12)
      at SchemaNumber.handleSingle (D:\Cursos\Programación\Programacion-Backend\Entregas\Pre entrega 3\node_modules\mongoose\lib\schema\number.js:382:15)
      at SchemaNumber.castForQuery (D:\Cursos\Programación\Programacion-Backend\Entregas\Pre entrega 3\node_modules\mongoose\lib\schema\number.js:423:20)
      at SchemaNumber.SchemaType.castForQueryWrapper (D:\Cursos\Programación\Programacion-Backend\Entregas\Pre entrega 3\node_modules\mongoose\lib\schematype.js:1510:22)
      at cast (D:\Cursos\Programación\Programacion-Backend\Entregas\Pre entrega 3\node_modules\mongoose\lib\cast.js:312:39)
      at cast (D:\Cursos\Programación\Programacion-Backend\Entregas\Pre entrega 3\node_modules\mongoose\lib\cast.js:75:18)
      at model.Query.Query.cast (D:\Cursos\Programación\Programacion-Backend\Entregas\Pre entrega 3\node_modules\mongoose\lib\query.js:4966:12)
      at model.Query.Query._castConditions (D:\Cursos\Programación\Programacion-Backend\Entregas\Pre entrega 3\node_modules\mongoose\lib\query.js:2058:10)
      at model.Query.<anonymous> (D:\Cursos\Programación\Programacion-Backend\Entregas\Pre entrega 3\node_modules\mongoose\lib\query.js:2085:8) {
    generatedMessage: true,
    code: 'ERR_ASSERTION',
    actual: false,
    expected: true,
    operator: '=='
  },
  valueType: 'number'
}
[2021-11-15T21:30:31.238] [ERROR] myError - CastError: Cast to Number failed for value "NaN" (type number) at path "price" for model "Product"
    at model.Query.exec (D:\Cursos\Programación\Programacion-Backend\Entregas\Pre entrega 3\node_modules\mongoose\lib\query.js:4543:21)
    at model.Query.Query.then (D:\Cursos\Programación\Programacion-Backend\Entregas\Pre entrega 3\node_modules\mongoose\lib\query.js:4642:15)
    at processTicksAndRejections (internal/process/task_queues.js:93:5) {
  messageFormat: undefined,
  stringValue: '"NaN"',
  kind: 'Number',
  value: NaN,
  path: 'price',
  reason: AssertionError [ERR_ASSERTION]: The expression evaluated to a falsy value:
  
    assert.ok(!isNaN(val))
  
      at castNumber (D:\Cursos\Programación\Programacion-Backend\Entregas\Pre entrega 3\node_modules\mongoose\lib\cast\number.js:28:10)
      at SchemaNumber.cast (D:\Cursos\Programación\Programacion-Backend\Entregas\Pre entrega 3\node_modules\mongoose\lib\schema\number.js:371:12)
      at SchemaNumber.handleSingle (D:\Cursos\Programación\Programacion-Backend\Entregas\Pre entrega 3\node_modules\mongoose\lib\schema\number.js:382:15)
      at SchemaNumber.castForQuery (D:\Cursos\Programación\Programacion-Backend\Entregas\Pre entrega 3\node_modules\mongoose\lib\schema\number.js:423:20)
      at SchemaNumber.SchemaType.castForQueryWrapper (D:\Cursos\Programación\Programacion-Backend\Entregas\Pre entrega 3\node_modules\mongoose\lib\schematype.js:1510:22)
      at cast (D:\Cursos\Programación\Programacion-Backend\Entregas\Pre entrega 3\node_modules\mongoose\lib\cast.js:312:39)
      at cast (D:\Cursos\Programación\Programacion-Backend\Entregas\Pre entrega 3\node_modules\mongoose\lib\cast.js:75:18)
      at model.Query.Query.cast (D:\Cursos\Programación\Programacion-Backend\Entregas\Pre entrega 3\node_modules\mongoose\lib\query.js:4966:12)
      at model.Query.Query._castConditions (D:\Cursos\Programación\Programacion-Backend\Entregas\Pre entrega 3\node_modules\mongoose\lib\query.js:2058:10)
      at model.Query.<anonymous> (D:\Cursos\Programación\Programacion-Backend\Entregas\Pre entrega 3\node_modules\mongoose\lib\query.js:2085:8) {
    generatedMessage: true,
    code: 'ERR_ASSERTION',
    actual: false,
    expected: true,
    operator: '=='
  },
  valueType: 'number'
}
[2021-11-15T21:32:15.359] [ERROR] myError - CastError: Cast to Number failed for value "NaN" (type number) at path "price" for model "Product"
    at model.Query.exec (D:\Cursos\Programación\Programacion-Backend\Entregas\Pre entrega 3\node_modules\mongoose\lib\query.js:4543:21)
    at model.Query.Query.then (D:\Cursos\Programación\Programacion-Backend\Entregas\Pre entrega 3\node_modules\mongoose\lib\query.js:4642:15)
    at processTicksAndRejections (internal/process/task_queues.js:93:5) {
  messageFormat: undefined,
  stringValue: '"NaN"',
  kind: 'Number',
  value: NaN,
  path: 'price',
  reason: AssertionError [ERR_ASSERTION]: The expression evaluated to a falsy value:
  
    assert.ok(!isNaN(val))
  
      at castNumber (D:\Cursos\Programación\Programacion-Backend\Entregas\Pre entrega 3\node_modules\mongoose\lib\cast\number.js:28:10)
      at SchemaNumber.cast (D:\Cursos\Programación\Programacion-Backend\Entregas\Pre entrega 3\node_modules\mongoose\lib\schema\number.js:371:12)
      at SchemaNumber.handleSingle (D:\Cursos\Programación\Programacion-Backend\Entregas\Pre entrega 3\node_modules\mongoose\lib\schema\number.js:382:15)
      at SchemaNumber.castForQuery (D:\Cursos\Programación\Programacion-Backend\Entregas\Pre entrega 3\node_modules\mongoose\lib\schema\number.js:423:20)
      at SchemaNumber.SchemaType.castForQueryWrapper (D:\Cursos\Programación\Programacion-Backend\Entregas\Pre entrega 3\node_modules\mongoose\lib\schematype.js:1510:22)
      at cast (D:\Cursos\Programación\Programacion-Backend\Entregas\Pre entrega 3\node_modules\mongoose\lib\cast.js:312:39)
      at cast (D:\Cursos\Programación\Programacion-Backend\Entregas\Pre entrega 3\node_modules\mongoose\lib\cast.js:75:18)
      at model.Query.Query.cast (D:\Cursos\Programación\Programacion-Backend\Entregas\Pre entrega 3\node_modules\mongoose\lib\query.js:4966:12)
      at model.Query.Query._castConditions (D:\Cursos\Programación\Programacion-Backend\Entregas\Pre entrega 3\node_modules\mongoose\lib\query.js:2058:10)
      at model.Query.<anonymous> (D:\Cursos\Programación\Programacion-Backend\Entregas\Pre entrega 3\node_modules\mongoose\lib\query.js:2085:8) {
    generatedMessage: true,
    code: 'ERR_ASSERTION',
    actual: false,
    expected: true,
    operator: '=='
  },
  valueType: 'number'
}
[2021-11-15T21:32:25.258] [ERROR] myError - CastError: Cast to Number failed for value "NaN" (type number) at path "price" for model "Product"
    at model.Query.exec (D:\Cursos\Programación\Programacion-Backend\Entregas\Pre entrega 3\node_modules\mongoose\lib\query.js:4543:21)
    at model.Query.Query.then (D:\Cursos\Programación\Programacion-Backend\Entregas\Pre entrega 3\node_modules\mongoose\lib\query.js:4642:15)
    at processTicksAndRejections (internal/process/task_queues.js:93:5) {
  messageFormat: undefined,
  stringValue: '"NaN"',
  kind: 'Number',
  value: NaN,
  path: 'price',
  reason: AssertionError [ERR_ASSERTION]: The expression evaluated to a falsy value:
  
    assert.ok(!isNaN(val))
  
      at castNumber (D:\Cursos\Programación\Programacion-Backend\Entregas\Pre entrega 3\node_modules\mongoose\lib\cast\number.js:28:10)
      at SchemaNumber.cast (D:\Cursos\Programación\Programacion-Backend\Entregas\Pre entrega 3\node_modules\mongoose\lib\schema\number.js:371:12)
      at SchemaNumber.handleSingle (D:\Cursos\Programación\Programacion-Backend\Entregas\Pre entrega 3\node_modules\mongoose\lib\schema\number.js:382:15)
      at SchemaNumber.castForQuery (D:\Cursos\Programación\Programacion-Backend\Entregas\Pre entrega 3\node_modules\mongoose\lib\schema\number.js:423:20)
      at SchemaNumber.SchemaType.castForQueryWrapper (D:\Cursos\Programación\Programacion-Backend\Entregas\Pre entrega 3\node_modules\mongoose\lib\schematype.js:1510:22)
      at cast (D:\Cursos\Programación\Programacion-Backend\Entregas\Pre entrega 3\node_modules\mongoose\lib\cast.js:312:39)
      at cast (D:\Cursos\Programación\Programacion-Backend\Entregas\Pre entrega 3\node_modules\mongoose\lib\cast.js:75:18)
      at model.Query.Query.cast (D:\Cursos\Programación\Programacion-Backend\Entregas\Pre entrega 3\node_modules\mongoose\lib\query.js:4966:12)
      at model.Query.Query._castConditions (D:\Cursos\Programación\Programacion-Backend\Entregas\Pre entrega 3\node_modules\mongoose\lib\query.js:2058:10)
      at model.Query.<anonymous> (D:\Cursos\Programación\Programacion-Backend\Entregas\Pre entrega 3\node_modules\mongoose\lib\query.js:2085:8) {
    generatedMessage: true,
    code: 'ERR_ASSERTION',
    actual: false,
    expected: true,
    operator: '=='
  },
  valueType: 'number'
}
[2021-11-15T21:32:57.269] [ERROR] myError - CastError: Cast to Number failed for value "NaN" (type number) at path "price" for model "Product"
    at model.Query.exec (D:\Cursos\Programación\Programacion-Backend\Entregas\Pre entrega 3\node_modules\mongoose\lib\query.js:4543:21)
    at model.Query.Query.then (D:\Cursos\Programación\Programacion-Backend\Entregas\Pre entrega 3\node_modules\mongoose\lib\query.js:4642:15)
    at processTicksAndRejections (internal/process/task_queues.js:93:5) {
  messageFormat: undefined,
  stringValue: '"NaN"',
  kind: 'Number',
  value: NaN,
  path: 'price',
  reason: AssertionError [ERR_ASSERTION]: The expression evaluated to a falsy value:
  
    assert.ok(!isNaN(val))
  
      at castNumber (D:\Cursos\Programación\Programacion-Backend\Entregas\Pre entrega 3\node_modules\mongoose\lib\cast\number.js:28:10)
      at SchemaNumber.cast (D:\Cursos\Programación\Programacion-Backend\Entregas\Pre entrega 3\node_modules\mongoose\lib\schema\number.js:371:12)
      at SchemaNumber.handleSingle (D:\Cursos\Programación\Programacion-Backend\Entregas\Pre entrega 3\node_modules\mongoose\lib\schema\number.js:382:15)
      at SchemaNumber.castForQuery (D:\Cursos\Programación\Programacion-Backend\Entregas\Pre entrega 3\node_modules\mongoose\lib\schema\number.js:423:20)
      at SchemaNumber.SchemaType.castForQueryWrapper (D:\Cursos\Programación\Programacion-Backend\Entregas\Pre entrega 3\node_modules\mongoose\lib\schematype.js:1510:22)
      at cast (D:\Cursos\Programación\Programacion-Backend\Entregas\Pre entrega 3\node_modules\mongoose\lib\cast.js:312:39)
      at cast (D:\Cursos\Programación\Programacion-Backend\Entregas\Pre entrega 3\node_modules\mongoose\lib\cast.js:75:18)
      at model.Query.Query.cast (D:\Cursos\Programación\Programacion-Backend\Entregas\Pre entrega 3\node_modules\mongoose\lib\query.js:4966:12)
      at model.Query.Query._castConditions (D:\Cursos\Programación\Programacion-Backend\Entregas\Pre entrega 3\node_modules\mongoose\lib\query.js:2058:10)
      at model.Query.<anonymous> (D:\Cursos\Programación\Programacion-Backend\Entregas\Pre entrega 3\node_modules\mongoose\lib\query.js:2085:8) {
    generatedMessage: true,
    code: 'ERR_ASSERTION',
    actual: false,
    expected: true,
    operator: '=='
  },
  valueType: 'number'
}
[2021-11-15T21:33:01.609] [ERROR] myError - CastError: Cast to Number failed for value "NaN" (type number) at path "price" for model "Product"
    at model.Query.exec (D:\Cursos\Programación\Programacion-Backend\Entregas\Pre entrega 3\node_modules\mongoose\lib\query.js:4543:21)
    at model.Query.Query.then (D:\Cursos\Programación\Programacion-Backend\Entregas\Pre entrega 3\node_modules\mongoose\lib\query.js:4642:15)
    at processTicksAndRejections (internal/process/task_queues.js:93:5) {
  messageFormat: undefined,
  stringValue: '"NaN"',
  kind: 'Number',
  value: NaN,
  path: 'price',
  reason: AssertionError [ERR_ASSERTION]: The expression evaluated to a falsy value:
  
    assert.ok(!isNaN(val))
  
      at castNumber (D:\Cursos\Programación\Programacion-Backend\Entregas\Pre entrega 3\node_modules\mongoose\lib\cast\number.js:28:10)
      at SchemaNumber.cast (D:\Cursos\Programación\Programacion-Backend\Entregas\Pre entrega 3\node_modules\mongoose\lib\schema\number.js:371:12)
      at SchemaNumber.handleSingle (D:\Cursos\Programación\Programacion-Backend\Entregas\Pre entrega 3\node_modules\mongoose\lib\schema\number.js:382:15)
      at SchemaNumber.castForQuery (D:\Cursos\Programación\Programacion-Backend\Entregas\Pre entrega 3\node_modules\mongoose\lib\schema\number.js:423:20)
      at SchemaNumber.SchemaType.castForQueryWrapper (D:\Cursos\Programación\Programacion-Backend\Entregas\Pre entrega 3\node_modules\mongoose\lib\schematype.js:1510:22)
      at cast (D:\Cursos\Programación\Programacion-Backend\Entregas\Pre entrega 3\node_modules\mongoose\lib\cast.js:312:39)
      at cast (D:\Cursos\Programación\Programacion-Backend\Entregas\Pre entrega 3\node_modules\mongoose\lib\cast.js:75:18)
      at model.Query.Query.cast (D:\Cursos\Programación\Programacion-Backend\Entregas\Pre entrega 3\node_modules\mongoose\lib\query.js:4966:12)
      at model.Query.Query._castConditions (D:\Cursos\Programación\Programacion-Backend\Entregas\Pre entrega 3\node_modules\mongoose\lib\query.js:2058:10)
      at model.Query.<anonymous> (D:\Cursos\Programación\Programacion-Backend\Entregas\Pre entrega 3\node_modules\mongoose\lib\query.js:2085:8) {
    generatedMessage: true,
    code: 'ERR_ASSERTION',
    actual: false,
    expected: true,
    operator: '=='
  },
  valueType: 'number'
}
[2021-11-15T21:33:28.658] [ERROR] myError - CastError: Cast to Number failed for value "NaN" (type number) at path "price" for model "Product"
    at model.Query.exec (D:\Cursos\Programación\Programacion-Backend\Entregas\Pre entrega 3\node_modules\mongoose\lib\query.js:4543:21)
    at model.Query.Query.then (D:\Cursos\Programación\Programacion-Backend\Entregas\Pre entrega 3\node_modules\mongoose\lib\query.js:4642:15)
    at processTicksAndRejections (internal/process/task_queues.js:93:5) {
  messageFormat: undefined,
  stringValue: '"NaN"',
  kind: 'Number',
  value: NaN,
  path: 'price',
  reason: AssertionError [ERR_ASSERTION]: The expression evaluated to a falsy value:
  
    assert.ok(!isNaN(val))
  
      at castNumber (D:\Cursos\Programación\Programacion-Backend\Entregas\Pre entrega 3\node_modules\mongoose\lib\cast\number.js:28:10)
      at SchemaNumber.cast (D:\Cursos\Programación\Programacion-Backend\Entregas\Pre entrega 3\node_modules\mongoose\lib\schema\number.js:371:12)
      at SchemaNumber.handleSingle (D:\Cursos\Programación\Programacion-Backend\Entregas\Pre entrega 3\node_modules\mongoose\lib\schema\number.js:382:15)
      at SchemaNumber.castForQuery (D:\Cursos\Programación\Programacion-Backend\Entregas\Pre entrega 3\node_modules\mongoose\lib\schema\number.js:423:20)
      at SchemaNumber.SchemaType.castForQueryWrapper (D:\Cursos\Programación\Programacion-Backend\Entregas\Pre entrega 3\node_modules\mongoose\lib\schematype.js:1510:22)
      at cast (D:\Cursos\Programación\Programacion-Backend\Entregas\Pre entrega 3\node_modules\mongoose\lib\cast.js:312:39)
      at cast (D:\Cursos\Programación\Programacion-Backend\Entregas\Pre entrega 3\node_modules\mongoose\lib\cast.js:75:18)
      at model.Query.Query.cast (D:\Cursos\Programación\Programacion-Backend\Entregas\Pre entrega 3\node_modules\mongoose\lib\query.js:4966:12)
      at model.Query.Query._castConditions (D:\Cursos\Programación\Programacion-Backend\Entregas\Pre entrega 3\node_modules\mongoose\lib\query.js:2058:10)
      at model.Query.<anonymous> (D:\Cursos\Programación\Programacion-Backend\Entregas\Pre entrega 3\node_modules\mongoose\lib\query.js:2085:8) {
    generatedMessage: true,
    code: 'ERR_ASSERTION',
    actual: false,
    expected: true,
    operator: '=='
  },
  valueType: 'number'
}
[2021-11-15T21:34:05.931] [ERROR] myError - CastError: Cast to Number failed for value "NaN" (type number) at path "price" for model "Product"
    at model.Query.exec (D:\Cursos\Programación\Programacion-Backend\Entregas\Pre entrega 3\node_modules\mongoose\lib\query.js:4543:21)
    at model.Query.Query.then (D:\Cursos\Programación\Programacion-Backend\Entregas\Pre entrega 3\node_modules\mongoose\lib\query.js:4642:15)
    at processTicksAndRejections (internal/process/task_queues.js:93:5) {
  messageFormat: undefined,
  stringValue: '"NaN"',
  kind: 'Number',
  value: NaN,
  path: 'price',
  reason: AssertionError [ERR_ASSERTION]: The expression evaluated to a falsy value:
  
    assert.ok(!isNaN(val))
  
      at castNumber (D:\Cursos\Programación\Programacion-Backend\Entregas\Pre entrega 3\node_modules\mongoose\lib\cast\number.js:28:10)
      at SchemaNumber.cast (D:\Cursos\Programación\Programacion-Backend\Entregas\Pre entrega 3\node_modules\mongoose\lib\schema\number.js:371:12)
      at SchemaNumber.handleSingle (D:\Cursos\Programación\Programacion-Backend\Entregas\Pre entrega 3\node_modules\mongoose\lib\schema\number.js:382:15)
      at SchemaNumber.castForQuery (D:\Cursos\Programación\Programacion-Backend\Entregas\Pre entrega 3\node_modules\mongoose\lib\schema\number.js:423:20)
      at SchemaNumber.SchemaType.castForQueryWrapper (D:\Cursos\Programación\Programacion-Backend\Entregas\Pre entrega 3\node_modules\mongoose\lib\schematype.js:1510:22)
      at cast (D:\Cursos\Programación\Programacion-Backend\Entregas\Pre entrega 3\node_modules\mongoose\lib\cast.js:312:39)
      at cast (D:\Cursos\Programación\Programacion-Backend\Entregas\Pre entrega 3\node_modules\mongoose\lib\cast.js:75:18)
      at model.Query.Query.cast (D:\Cursos\Programación\Programacion-Backend\Entregas\Pre entrega 3\node_modules\mongoose\lib\query.js:4966:12)
      at model.Query.Query._castConditions (D:\Cursos\Programación\Programacion-Backend\Entregas\Pre entrega 3\node_modules\mongoose\lib\query.js:2058:10)
      at model.Query.<anonymous> (D:\Cursos\Programación\Programacion-Backend\Entregas\Pre entrega 3\node_modules\mongoose\lib\query.js:2085:8) {
    generatedMessage: true,
    code: 'ERR_ASSERTION',
    actual: false,
    expected: true,
    operator: '=='
  },
  valueType: 'number'
}
[2021-11-15T21:34:07.118] [ERROR] myError - CastError: Cast to Number failed for value "NaN" (type number) at path "price" for model "Product"
    at model.Query.exec (D:\Cursos\Programación\Programacion-Backend\Entregas\Pre entrega 3\node_modules\mongoose\lib\query.js:4543:21)
    at model.Query.Query.then (D:\Cursos\Programación\Programacion-Backend\Entregas\Pre entrega 3\node_modules\mongoose\lib\query.js:4642:15)
    at processTicksAndRejections (internal/process/task_queues.js:93:5) {
  messageFormat: undefined,
  stringValue: '"NaN"',
  kind: 'Number',
  value: NaN,
  path: 'price',
  reason: AssertionError [ERR_ASSERTION]: The expression evaluated to a falsy value:
  
    assert.ok(!isNaN(val))
  
      at castNumber (D:\Cursos\Programación\Programacion-Backend\Entregas\Pre entrega 3\node_modules\mongoose\lib\cast\number.js:28:10)
      at SchemaNumber.cast (D:\Cursos\Programación\Programacion-Backend\Entregas\Pre entrega 3\node_modules\mongoose\lib\schema\number.js:371:12)
      at SchemaNumber.handleSingle (D:\Cursos\Programación\Programacion-Backend\Entregas\Pre entrega 3\node_modules\mongoose\lib\schema\number.js:382:15)
      at SchemaNumber.castForQuery (D:\Cursos\Programación\Programacion-Backend\Entregas\Pre entrega 3\node_modules\mongoose\lib\schema\number.js:423:20)
      at SchemaNumber.SchemaType.castForQueryWrapper (D:\Cursos\Programación\Programacion-Backend\Entregas\Pre entrega 3\node_modules\mongoose\lib\schematype.js:1510:22)
      at cast (D:\Cursos\Programación\Programacion-Backend\Entregas\Pre entrega 3\node_modules\mongoose\lib\cast.js:312:39)
      at cast (D:\Cursos\Programación\Programacion-Backend\Entregas\Pre entrega 3\node_modules\mongoose\lib\cast.js:75:18)
      at model.Query.Query.cast (D:\Cursos\Programación\Programacion-Backend\Entregas\Pre entrega 3\node_modules\mongoose\lib\query.js:4966:12)
      at model.Query.Query._castConditions (D:\Cursos\Programación\Programacion-Backend\Entregas\Pre entrega 3\node_modules\mongoose\lib\query.js:2058:10)
      at model.Query.<anonymous> (D:\Cursos\Programación\Programacion-Backend\Entregas\Pre entrega 3\node_modules\mongoose\lib\query.js:2085:8) {
    generatedMessage: true,
    code: 'ERR_ASSERTION',
    actual: false,
    expected: true,
    operator: '=='
  },
  valueType: 'number'
}
[2021-11-15T21:34:07.342] [ERROR] myError - CastError: Cast to Number failed for value "NaN" (type number) at path "price" for model "Product"
    at model.Query.exec (D:\Cursos\Programación\Programacion-Backend\Entregas\Pre entrega 3\node_modules\mongoose\lib\query.js:4543:21)
    at model.Query.Query.then (D:\Cursos\Programación\Programacion-Backend\Entregas\Pre entrega 3\node_modules\mongoose\lib\query.js:4642:15)
    at processTicksAndRejections (internal/process/task_queues.js:93:5) {
  messageFormat: undefined,
  stringValue: '"NaN"',
  kind: 'Number',
  value: NaN,
  path: 'price',
  reason: AssertionError [ERR_ASSERTION]: The expression evaluated to a falsy value:
  
    assert.ok(!isNaN(val))
  
      at castNumber (D:\Cursos\Programación\Programacion-Backend\Entregas\Pre entrega 3\node_modules\mongoose\lib\cast\number.js:28:10)
      at SchemaNumber.cast (D:\Cursos\Programación\Programacion-Backend\Entregas\Pre entrega 3\node_modules\mongoose\lib\schema\number.js:371:12)
      at SchemaNumber.handleSingle (D:\Cursos\Programación\Programacion-Backend\Entregas\Pre entrega 3\node_modules\mongoose\lib\schema\number.js:382:15)
      at SchemaNumber.castForQuery (D:\Cursos\Programación\Programacion-Backend\Entregas\Pre entrega 3\node_modules\mongoose\lib\schema\number.js:423:20)
      at SchemaNumber.SchemaType.castForQueryWrapper (D:\Cursos\Programación\Programacion-Backend\Entregas\Pre entrega 3\node_modules\mongoose\lib\schematype.js:1510:22)
      at cast (D:\Cursos\Programación\Programacion-Backend\Entregas\Pre entrega 3\node_modules\mongoose\lib\cast.js:312:39)
      at cast (D:\Cursos\Programación\Programacion-Backend\Entregas\Pre entrega 3\node_modules\mongoose\lib\cast.js:75:18)
      at model.Query.Query.cast (D:\Cursos\Programación\Programacion-Backend\Entregas\Pre entrega 3\node_modules\mongoose\lib\query.js:4966:12)
      at model.Query.Query._castConditions (D:\Cursos\Programación\Programacion-Backend\Entregas\Pre entrega 3\node_modules\mongoose\lib\query.js:2058:10)
      at model.Query.<anonymous> (D:\Cursos\Programación\Programacion-Backend\Entregas\Pre entrega 3\node_modules\mongoose\lib\query.js:2085:8) {
    generatedMessage: true,
    code: 'ERR_ASSERTION',
    actual: false,
    expected: true,
    operator: '=='
  },
  valueType: 'number'
}
[2021-11-15T21:34:08.684] [ERROR] myError - CastError: Cast to Number failed for value "NaN" (type number) at path "price" for model "Product"
    at model.Query.exec (D:\Cursos\Programación\Programacion-Backend\Entregas\Pre entrega 3\node_modules\mongoose\lib\query.js:4543:21)
    at model.Query.Query.then (D:\Cursos\Programación\Programacion-Backend\Entregas\Pre entrega 3\node_modules\mongoose\lib\query.js:4642:15)
    at processTicksAndRejections (internal/process/task_queues.js:93:5) {
  messageFormat: undefined,
  stringValue: '"NaN"',
  kind: 'Number',
  value: NaN,
  path: 'price',
  reason: AssertionError [ERR_ASSERTION]: The expression evaluated to a falsy value:
  
    assert.ok(!isNaN(val))
  
      at castNumber (D:\Cursos\Programación\Programacion-Backend\Entregas\Pre entrega 3\node_modules\mongoose\lib\cast\number.js:28:10)
      at SchemaNumber.cast (D:\Cursos\Programación\Programacion-Backend\Entregas\Pre entrega 3\node_modules\mongoose\lib\schema\number.js:371:12)
      at SchemaNumber.handleSingle (D:\Cursos\Programación\Programacion-Backend\Entregas\Pre entrega 3\node_modules\mongoose\lib\schema\number.js:382:15)
      at SchemaNumber.castForQuery (D:\Cursos\Programación\Programacion-Backend\Entregas\Pre entrega 3\node_modules\mongoose\lib\schema\number.js:423:20)
      at SchemaNumber.SchemaType.castForQueryWrapper (D:\Cursos\Programación\Programacion-Backend\Entregas\Pre entrega 3\node_modules\mongoose\lib\schematype.js:1510:22)
      at cast (D:\Cursos\Programación\Programacion-Backend\Entregas\Pre entrega 3\node_modules\mongoose\lib\cast.js:312:39)
      at cast (D:\Cursos\Programación\Programacion-Backend\Entregas\Pre entrega 3\node_modules\mongoose\lib\cast.js:75:18)
      at model.Query.Query.cast (D:\Cursos\Programación\Programacion-Backend\Entregas\Pre entrega 3\node_modules\mongoose\lib\query.js:4966:12)
      at model.Query.Query._castConditions (D:\Cursos\Programación\Programacion-Backend\Entregas\Pre entrega 3\node_modules\mongoose\lib\query.js:2058:10)
      at model.Query.<anonymous> (D:\Cursos\Programación\Programacion-Backend\Entregas\Pre entrega 3\node_modules\mongoose\lib\query.js:2085:8) {
    generatedMessage: true,
    code: 'ERR_ASSERTION',
    actual: false,
    expected: true,
    operator: '=='
  },
  valueType: 'number'
}
[2021-11-15T21:34:08.917] [ERROR] myError - CastError: Cast to Number failed for value "NaN" (type number) at path "price" for model "Product"
    at model.Query.exec (D:\Cursos\Programación\Programacion-Backend\Entregas\Pre entrega 3\node_modules\mongoose\lib\query.js:4543:21)
    at model.Query.Query.then (D:\Cursos\Programación\Programacion-Backend\Entregas\Pre entrega 3\node_modules\mongoose\lib\query.js:4642:15)
    at processTicksAndRejections (internal/process/task_queues.js:93:5) {
  messageFormat: undefined,
  stringValue: '"NaN"',
  kind: 'Number',
  value: NaN,
  path: 'price',
  reason: AssertionError [ERR_ASSERTION]: The expression evaluated to a falsy value:
  
    assert.ok(!isNaN(val))
  
      at castNumber (D:\Cursos\Programación\Programacion-Backend\Entregas\Pre entrega 3\node_modules\mongoose\lib\cast\number.js:28:10)
      at SchemaNumber.cast (D:\Cursos\Programación\Programacion-Backend\Entregas\Pre entrega 3\node_modules\mongoose\lib\schema\number.js:371:12)
      at SchemaNumber.handleSingle (D:\Cursos\Programación\Programacion-Backend\Entregas\Pre entrega 3\node_modules\mongoose\lib\schema\number.js:382:15)
      at SchemaNumber.castForQuery (D:\Cursos\Programación\Programacion-Backend\Entregas\Pre entrega 3\node_modules\mongoose\lib\schema\number.js:423:20)
      at SchemaNumber.SchemaType.castForQueryWrapper (D:\Cursos\Programación\Programacion-Backend\Entregas\Pre entrega 3\node_modules\mongoose\lib\schematype.js:1510:22)
      at cast (D:\Cursos\Programación\Programacion-Backend\Entregas\Pre entrega 3\node_modules\mongoose\lib\cast.js:312:39)
      at cast (D:\Cursos\Programación\Programacion-Backend\Entregas\Pre entrega 3\node_modules\mongoose\lib\cast.js:75:18)
      at model.Query.Query.cast (D:\Cursos\Programación\Programacion-Backend\Entregas\Pre entrega 3\node_modules\mongoose\lib\query.js:4966:12)
      at model.Query.Query._castConditions (D:\Cursos\Programación\Programacion-Backend\Entregas\Pre entrega 3\node_modules\mongoose\lib\query.js:2058:10)
      at model.Query.<anonymous> (D:\Cursos\Programación\Programacion-Backend\Entregas\Pre entrega 3\node_modules\mongoose\lib\query.js:2085:8) {
    generatedMessage: true,
    code: 'ERR_ASSERTION',
    actual: false,
    expected: true,
    operator: '=='
  },
  valueType: 'number'
}
[2021-11-15T21:34:09.162] [ERROR] myError - CastError: Cast to Number failed for value "NaN" (type number) at path "price" for model "Product"
    at model.Query.exec (D:\Cursos\Programación\Programacion-Backend\Entregas\Pre entrega 3\node_modules\mongoose\lib\query.js:4543:21)
    at model.Query.Query.then (D:\Cursos\Programación\Programacion-Backend\Entregas\Pre entrega 3\node_modules\mongoose\lib\query.js:4642:15)
    at processTicksAndRejections (internal/process/task_queues.js:93:5) {
  messageFormat: undefined,
  stringValue: '"NaN"',
  kind: 'Number',
  value: NaN,
  path: 'price',
  reason: AssertionError [ERR_ASSERTION]: The expression evaluated to a falsy value:
  
    assert.ok(!isNaN(val))
  
      at castNumber (D:\Cursos\Programación\Programacion-Backend\Entregas\Pre entrega 3\node_modules\mongoose\lib\cast\number.js:28:10)
      at SchemaNumber.cast (D:\Cursos\Programación\Programacion-Backend\Entregas\Pre entrega 3\node_modules\mongoose\lib\schema\number.js:371:12)
      at SchemaNumber.handleSingle (D:\Cursos\Programación\Programacion-Backend\Entregas\Pre entrega 3\node_modules\mongoose\lib\schema\number.js:382:15)
      at SchemaNumber.castForQuery (D:\Cursos\Programación\Programacion-Backend\Entregas\Pre entrega 3\node_modules\mongoose\lib\schema\number.js:423:20)
      at SchemaNumber.SchemaType.castForQueryWrapper (D:\Cursos\Programación\Programacion-Backend\Entregas\Pre entrega 3\node_modules\mongoose\lib\schematype.js:1510:22)
      at cast (D:\Cursos\Programación\Programacion-Backend\Entregas\Pre entrega 3\node_modules\mongoose\lib\cast.js:312:39)
      at cast (D:\Cursos\Programación\Programacion-Backend\Entregas\Pre entrega 3\node_modules\mongoose\lib\cast.js:75:18)
      at model.Query.Query.cast (D:\Cursos\Programación\Programacion-Backend\Entregas\Pre entrega 3\node_modules\mongoose\lib\query.js:4966:12)
      at model.Query.Query._castConditions (D:\Cursos\Programación\Programacion-Backend\Entregas\Pre entrega 3\node_modules\mongoose\lib\query.js:2058:10)
      at model.Query.<anonymous> (D:\Cursos\Programación\Programacion-Backend\Entregas\Pre entrega 3\node_modules\mongoose\lib\query.js:2085:8) {
    generatedMessage: true,
    code: 'ERR_ASSERTION',
    actual: false,
    expected: true,
    operator: '=='
  },
  valueType: 'number'
}
[2021-11-15T21:34:14.410] [ERROR] myError - CastError: Cast to Number failed for value "NaN" (type number) at path "price" for model "Product"
    at model.Query.exec (D:\Cursos\Programación\Programacion-Backend\Entregas\Pre entrega 3\node_modules\mongoose\lib\query.js:4543:21)
    at model.Query.Query.then (D:\Cursos\Programación\Programacion-Backend\Entregas\Pre entrega 3\node_modules\mongoose\lib\query.js:4642:15)
    at processTicksAndRejections (internal/process/task_queues.js:93:5) {
  messageFormat: undefined,
  stringValue: '"NaN"',
  kind: 'Number',
  value: NaN,
  path: 'price',
  reason: AssertionError [ERR_ASSERTION]: The expression evaluated to a falsy value:
  
    assert.ok(!isNaN(val))
  
      at castNumber (D:\Cursos\Programación\Programacion-Backend\Entregas\Pre entrega 3\node_modules\mongoose\lib\cast\number.js:28:10)
      at SchemaNumber.cast (D:\Cursos\Programación\Programacion-Backend\Entregas\Pre entrega 3\node_modules\mongoose\lib\schema\number.js:371:12)
      at SchemaNumber.handleSingle (D:\Cursos\Programación\Programacion-Backend\Entregas\Pre entrega 3\node_modules\mongoose\lib\schema\number.js:382:15)
      at SchemaNumber.castForQuery (D:\Cursos\Programación\Programacion-Backend\Entregas\Pre entrega 3\node_modules\mongoose\lib\schema\number.js:423:20)
      at SchemaNumber.SchemaType.castForQueryWrapper (D:\Cursos\Programación\Programacion-Backend\Entregas\Pre entrega 3\node_modules\mongoose\lib\schematype.js:1510:22)
      at cast (D:\Cursos\Programación\Programacion-Backend\Entregas\Pre entrega 3\node_modules\mongoose\lib\cast.js:312:39)
      at cast (D:\Cursos\Programación\Programacion-Backend\Entregas\Pre entrega 3\node_modules\mongoose\lib\cast.js:75:18)
      at model.Query.Query.cast (D:\Cursos\Programación\Programacion-Backend\Entregas\Pre entrega 3\node_modules\mongoose\lib\query.js:4966:12)
      at model.Query.Query._castConditions (D:\Cursos\Programación\Programacion-Backend\Entregas\Pre entrega 3\node_modules\mongoose\lib\query.js:2058:10)
      at model.Query.<anonymous> (D:\Cursos\Programación\Programacion-Backend\Entregas\Pre entrega 3\node_modules\mongoose\lib\query.js:2085:8) {
    generatedMessage: true,
    code: 'ERR_ASSERTION',
    actual: false,
    expected: true,
    operator: '=='
  },
  valueType: 'number'
}
[2021-11-15T21:34:14.620] [ERROR] myError - CastError: Cast to Number failed for value "NaN" (type number) at path "price" for model "Product"
    at model.Query.exec (D:\Cursos\Programación\Programacion-Backend\Entregas\Pre entrega 3\node_modules\mongoose\lib\query.js:4543:21)
    at model.Query.Query.then (D:\Cursos\Programación\Programacion-Backend\Entregas\Pre entrega 3\node_modules\mongoose\lib\query.js:4642:15)
    at processTicksAndRejections (internal/process/task_queues.js:93:5) {
  messageFormat: undefined,
  stringValue: '"NaN"',
  kind: 'Number',
  value: NaN,
  path: 'price',
  reason: AssertionError [ERR_ASSERTION]: The expression evaluated to a falsy value:
  
    assert.ok(!isNaN(val))
  
      at castNumber (D:\Cursos\Programación\Programacion-Backend\Entregas\Pre entrega 3\node_modules\mongoose\lib\cast\number.js:28:10)
      at SchemaNumber.cast (D:\Cursos\Programación\Programacion-Backend\Entregas\Pre entrega 3\node_modules\mongoose\lib\schema\number.js:371:12)
      at SchemaNumber.handleSingle (D:\Cursos\Programación\Programacion-Backend\Entregas\Pre entrega 3\node_modules\mongoose\lib\schema\number.js:382:15)
      at SchemaNumber.castForQuery (D:\Cursos\Programación\Programacion-Backend\Entregas\Pre entrega 3\node_modules\mongoose\lib\schema\number.js:423:20)
      at SchemaNumber.SchemaType.castForQueryWrapper (D:\Cursos\Programación\Programacion-Backend\Entregas\Pre entrega 3\node_modules\mongoose\lib\schematype.js:1510:22)
      at cast (D:\Cursos\Programación\Programacion-Backend\Entregas\Pre entrega 3\node_modules\mongoose\lib\cast.js:312:39)
      at cast (D:\Cursos\Programación\Programacion-Backend\Entregas\Pre entrega 3\node_modules\mongoose\lib\cast.js:75:18)
      at model.Query.Query.cast (D:\Cursos\Programación\Programacion-Backend\Entregas\Pre entrega 3\node_modules\mongoose\lib\query.js:4966:12)
      at model.Query.Query._castConditions (D:\Cursos\Programación\Programacion-Backend\Entregas\Pre entrega 3\node_modules\mongoose\lib\query.js:2058:10)
      at model.Query.<anonymous> (D:\Cursos\Programación\Programacion-Backend\Entregas\Pre entrega 3\node_modules\mongoose\lib\query.js:2085:8) {
    generatedMessage: true,
    code: 'ERR_ASSERTION',
    actual: false,
    expected: true,
    operator: '=='
  },
  valueType: 'number'
}
[2021-11-15T21:34:14.834] [ERROR] myError - CastError: Cast to Number failed for value "NaN" (type number) at path "price" for model "Product"
    at model.Query.exec (D:\Cursos\Programación\Programacion-Backend\Entregas\Pre entrega 3\node_modules\mongoose\lib\query.js:4543:21)
    at model.Query.Query.then (D:\Cursos\Programación\Programacion-Backend\Entregas\Pre entrega 3\node_modules\mongoose\lib\query.js:4642:15)
    at processTicksAndRejections (internal/process/task_queues.js:93:5) {
  messageFormat: undefined,
  stringValue: '"NaN"',
  kind: 'Number',
  value: NaN,
  path: 'price',
  reason: AssertionError [ERR_ASSERTION]: The expression evaluated to a falsy value:
  
    assert.ok(!isNaN(val))
  
      at castNumber (D:\Cursos\Programación\Programacion-Backend\Entregas\Pre entrega 3\node_modules\mongoose\lib\cast\number.js:28:10)
      at SchemaNumber.cast (D:\Cursos\Programación\Programacion-Backend\Entregas\Pre entrega 3\node_modules\mongoose\lib\schema\number.js:371:12)
      at SchemaNumber.handleSingle (D:\Cursos\Programación\Programacion-Backend\Entregas\Pre entrega 3\node_modules\mongoose\lib\schema\number.js:382:15)
      at SchemaNumber.castForQuery (D:\Cursos\Programación\Programacion-Backend\Entregas\Pre entrega 3\node_modules\mongoose\lib\schema\number.js:423:20)
      at SchemaNumber.SchemaType.castForQueryWrapper (D:\Cursos\Programación\Programacion-Backend\Entregas\Pre entrega 3\node_modules\mongoose\lib\schematype.js:1510:22)
      at cast (D:\Cursos\Programación\Programacion-Backend\Entregas\Pre entrega 3\node_modules\mongoose\lib\cast.js:312:39)
      at cast (D:\Cursos\Programación\Programacion-Backend\Entregas\Pre entrega 3\node_modules\mongoose\lib\cast.js:75:18)
      at model.Query.Query.cast (D:\Cursos\Programación\Programacion-Backend\Entregas\Pre entrega 3\node_modules\mongoose\lib\query.js:4966:12)
      at model.Query.Query._castConditions (D:\Cursos\Programación\Programacion-Backend\Entregas\Pre entrega 3\node_modules\mongoose\lib\query.js:2058:10)
      at model.Query.<anonymous> (D:\Cursos\Programación\Programacion-Backend\Entregas\Pre entrega 3\node_modules\mongoose\lib\query.js:2085:8) {
    generatedMessage: true,
    code: 'ERR_ASSERTION',
    actual: false,
    expected: true,
    operator: '=='
  },
  valueType: 'number'
}
[2021-11-15T21:34:43.788] [ERROR] myError - CastError: Cast to Number failed for value "NaN" (type number) at path "price" for model "Product"
    at model.Query.exec (D:\Cursos\Programación\Programacion-Backend\Entregas\Pre entrega 3\node_modules\mongoose\lib\query.js:4543:21)
    at model.Query.Query.then (D:\Cursos\Programación\Programacion-Backend\Entregas\Pre entrega 3\node_modules\mongoose\lib\query.js:4642:15)
    at processTicksAndRejections (internal/process/task_queues.js:93:5) {
  messageFormat: undefined,
  stringValue: '"NaN"',
  kind: 'Number',
  value: NaN,
  path: 'price',
  reason: AssertionError [ERR_ASSERTION]: The expression evaluated to a falsy value:
  
    assert.ok(!isNaN(val))
  
      at castNumber (D:\Cursos\Programación\Programacion-Backend\Entregas\Pre entrega 3\node_modules\mongoose\lib\cast\number.js:28:10)
      at SchemaNumber.cast (D:\Cursos\Programación\Programacion-Backend\Entregas\Pre entrega 3\node_modules\mongoose\lib\schema\number.js:371:12)
      at SchemaNumber.handleSingle (D:\Cursos\Programación\Programacion-Backend\Entregas\Pre entrega 3\node_modules\mongoose\lib\schema\number.js:382:15)
      at SchemaNumber.castForQuery (D:\Cursos\Programación\Programacion-Backend\Entregas\Pre entrega 3\node_modules\mongoose\lib\schema\number.js:423:20)
      at SchemaNumber.SchemaType.castForQueryWrapper (D:\Cursos\Programación\Programacion-Backend\Entregas\Pre entrega 3\node_modules\mongoose\lib\schematype.js:1510:22)
      at cast (D:\Cursos\Programación\Programacion-Backend\Entregas\Pre entrega 3\node_modules\mongoose\lib\cast.js:312:39)
      at cast (D:\Cursos\Programación\Programacion-Backend\Entregas\Pre entrega 3\node_modules\mongoose\lib\cast.js:75:18)
      at model.Query.Query.cast (D:\Cursos\Programación\Programacion-Backend\Entregas\Pre entrega 3\node_modules\mongoose\lib\query.js:4966:12)
      at model.Query.Query._castConditions (D:\Cursos\Programación\Programacion-Backend\Entregas\Pre entrega 3\node_modules\mongoose\lib\query.js:2058:10)
      at model.Query.<anonymous> (D:\Cursos\Programación\Programacion-Backend\Entregas\Pre entrega 3\node_modules\mongoose\lib\query.js:2085:8) {
    generatedMessage: true,
    code: 'ERR_ASSERTION',
    actual: false,
    expected: true,
    operator: '=='
  },
  valueType: 'number'
}
[2021-11-15T21:34:44.208] [ERROR] myError - CastError: Cast to Number failed for value "NaN" (type number) at path "price" for model "Product"
    at model.Query.exec (D:\Cursos\Programación\Programacion-Backend\Entregas\Pre entrega 3\node_modules\mongoose\lib\query.js:4543:21)
    at model.Query.Query.then (D:\Cursos\Programación\Programacion-Backend\Entregas\Pre entrega 3\node_modules\mongoose\lib\query.js:4642:15)
    at processTicksAndRejections (internal/process/task_queues.js:93:5) {
  messageFormat: undefined,
  stringValue: '"NaN"',
  kind: 'Number',
  value: NaN,
  path: 'price',
  reason: AssertionError [ERR_ASSERTION]: The expression evaluated to a falsy value:
  
    assert.ok(!isNaN(val))
  
      at castNumber (D:\Cursos\Programación\Programacion-Backend\Entregas\Pre entrega 3\node_modules\mongoose\lib\cast\number.js:28:10)
      at SchemaNumber.cast (D:\Cursos\Programación\Programacion-Backend\Entregas\Pre entrega 3\node_modules\mongoose\lib\schema\number.js:371:12)
      at SchemaNumber.handleSingle (D:\Cursos\Programación\Programacion-Backend\Entregas\Pre entrega 3\node_modules\mongoose\lib\schema\number.js:382:15)
      at SchemaNumber.castForQuery (D:\Cursos\Programación\Programacion-Backend\Entregas\Pre entrega 3\node_modules\mongoose\lib\schema\number.js:423:20)
      at SchemaNumber.SchemaType.castForQueryWrapper (D:\Cursos\Programación\Programacion-Backend\Entregas\Pre entrega 3\node_modules\mongoose\lib\schematype.js:1510:22)
      at cast (D:\Cursos\Programación\Programacion-Backend\Entregas\Pre entrega 3\node_modules\mongoose\lib\cast.js:312:39)
      at cast (D:\Cursos\Programación\Programacion-Backend\Entregas\Pre entrega 3\node_modules\mongoose\lib\cast.js:75:18)
      at model.Query.Query.cast (D:\Cursos\Programación\Programacion-Backend\Entregas\Pre entrega 3\node_modules\mongoose\lib\query.js:4966:12)
      at model.Query.Query._castConditions (D:\Cursos\Programación\Programacion-Backend\Entregas\Pre entrega 3\node_modules\mongoose\lib\query.js:2058:10)
      at model.Query.<anonymous> (D:\Cursos\Programación\Programacion-Backend\Entregas\Pre entrega 3\node_modules\mongoose\lib\query.js:2085:8) {
    generatedMessage: true,
    code: 'ERR_ASSERTION',
    actual: false,
    expected: true,
    operator: '=='
  },
  valueType: 'number'
}
[2021-11-15T21:34:45.342] [ERROR] myError - CastError: Cast to Number failed for value "NaN" (type number) at path "price" for model "Product"
    at model.Query.exec (D:\Cursos\Programación\Programacion-Backend\Entregas\Pre entrega 3\node_modules\mongoose\lib\query.js:4543:21)
    at model.Query.Query.then (D:\Cursos\Programación\Programacion-Backend\Entregas\Pre entrega 3\node_modules\mongoose\lib\query.js:4642:15)
    at processTicksAndRejections (internal/process/task_queues.js:93:5) {
  messageFormat: undefined,
  stringValue: '"NaN"',
  kind: 'Number',
  value: NaN,
  path: 'price',
  reason: AssertionError [ERR_ASSERTION]: The expression evaluated to a falsy value:
  
    assert.ok(!isNaN(val))
  
      at castNumber (D:\Cursos\Programación\Programacion-Backend\Entregas\Pre entrega 3\node_modules\mongoose\lib\cast\number.js:28:10)
      at SchemaNumber.cast (D:\Cursos\Programación\Programacion-Backend\Entregas\Pre entrega 3\node_modules\mongoose\lib\schema\number.js:371:12)
      at SchemaNumber.handleSingle (D:\Cursos\Programación\Programacion-Backend\Entregas\Pre entrega 3\node_modules\mongoose\lib\schema\number.js:382:15)
      at SchemaNumber.castForQuery (D:\Cursos\Programación\Programacion-Backend\Entregas\Pre entrega 3\node_modules\mongoose\lib\schema\number.js:423:20)
      at SchemaNumber.SchemaType.castForQueryWrapper (D:\Cursos\Programación\Programacion-Backend\Entregas\Pre entrega 3\node_modules\mongoose\lib\schematype.js:1510:22)
      at cast (D:\Cursos\Programación\Programacion-Backend\Entregas\Pre entrega 3\node_modules\mongoose\lib\cast.js:312:39)
      at cast (D:\Cursos\Programación\Programacion-Backend\Entregas\Pre entrega 3\node_modules\mongoose\lib\cast.js:75:18)
      at model.Query.Query.cast (D:\Cursos\Programación\Programacion-Backend\Entregas\Pre entrega 3\node_modules\mongoose\lib\query.js:4966:12)
      at model.Query.Query._castConditions (D:\Cursos\Programación\Programacion-Backend\Entregas\Pre entrega 3\node_modules\mongoose\lib\query.js:2058:10)
      at model.Query.<anonymous> (D:\Cursos\Programación\Programacion-Backend\Entregas\Pre entrega 3\node_modules\mongoose\lib\query.js:2085:8) {
    generatedMessage: true,
    code: 'ERR_ASSERTION',
    actual: false,
    expected: true,
    operator: '=='
  },
  valueType: 'number'
}
[2021-11-15T21:34:47.288] [ERROR] myError - CastError: Cast to Number failed for value "NaN" (type number) at path "price" for model "Product"
    at model.Query.exec (D:\Cursos\Programación\Programacion-Backend\Entregas\Pre entrega 3\node_modules\mongoose\lib\query.js:4543:21)
    at model.Query.Query.then (D:\Cursos\Programación\Programacion-Backend\Entregas\Pre entrega 3\node_modules\mongoose\lib\query.js:4642:15)
    at processTicksAndRejections (internal/process/task_queues.js:93:5) {
  messageFormat: undefined,
  stringValue: '"NaN"',
  kind: 'Number',
  value: NaN,
  path: 'price',
  reason: AssertionError [ERR_ASSERTION]: The expression evaluated to a falsy value:
  
    assert.ok(!isNaN(val))
  
      at castNumber (D:\Cursos\Programación\Programacion-Backend\Entregas\Pre entrega 3\node_modules\mongoose\lib\cast\number.js:28:10)
      at SchemaNumber.cast (D:\Cursos\Programación\Programacion-Backend\Entregas\Pre entrega 3\node_modules\mongoose\lib\schema\number.js:371:12)
      at SchemaNumber.handleSingle (D:\Cursos\Programación\Programacion-Backend\Entregas\Pre entrega 3\node_modules\mongoose\lib\schema\number.js:382:15)
      at SchemaNumber.castForQuery (D:\Cursos\Programación\Programacion-Backend\Entregas\Pre entrega 3\node_modules\mongoose\lib\schema\number.js:423:20)
      at SchemaNumber.SchemaType.castForQueryWrapper (D:\Cursos\Programación\Programacion-Backend\Entregas\Pre entrega 3\node_modules\mongoose\lib\schematype.js:1510:22)
      at cast (D:\Cursos\Programación\Programacion-Backend\Entregas\Pre entrega 3\node_modules\mongoose\lib\cast.js:312:39)
      at cast (D:\Cursos\Programación\Programacion-Backend\Entregas\Pre entrega 3\node_modules\mongoose\lib\cast.js:75:18)
      at model.Query.Query.cast (D:\Cursos\Programación\Programacion-Backend\Entregas\Pre entrega 3\node_modules\mongoose\lib\query.js:4966:12)
      at model.Query.Query._castConditions (D:\Cursos\Programación\Programacion-Backend\Entregas\Pre entrega 3\node_modules\mongoose\lib\query.js:2058:10)
      at model.Query.<anonymous> (D:\Cursos\Programación\Programacion-Backend\Entregas\Pre entrega 3\node_modules\mongoose\lib\query.js:2085:8) {
    generatedMessage: true,
    code: 'ERR_ASSERTION',
    actual: false,
    expected: true,
    operator: '=='
  },
  valueType: 'number'
}
[2021-11-15T21:34:47.497] [ERROR] myError - CastError: Cast to Number failed for value "NaN" (type number) at path "price" for model "Product"
    at model.Query.exec (D:\Cursos\Programación\Programacion-Backend\Entregas\Pre entrega 3\node_modules\mongoose\lib\query.js:4543:21)
    at model.Query.Query.then (D:\Cursos\Programación\Programacion-Backend\Entregas\Pre entrega 3\node_modules\mongoose\lib\query.js:4642:15)
    at processTicksAndRejections (internal/process/task_queues.js:93:5) {
  messageFormat: undefined,
  stringValue: '"NaN"',
  kind: 'Number',
  value: NaN,
  path: 'price',
  reason: AssertionError [ERR_ASSERTION]: The expression evaluated to a falsy value:
  
    assert.ok(!isNaN(val))
  
      at castNumber (D:\Cursos\Programación\Programacion-Backend\Entregas\Pre entrega 3\node_modules\mongoose\lib\cast\number.js:28:10)
      at SchemaNumber.cast (D:\Cursos\Programación\Programacion-Backend\Entregas\Pre entrega 3\node_modules\mongoose\lib\schema\number.js:371:12)
      at SchemaNumber.handleSingle (D:\Cursos\Programación\Programacion-Backend\Entregas\Pre entrega 3\node_modules\mongoose\lib\schema\number.js:382:15)
      at SchemaNumber.castForQuery (D:\Cursos\Programación\Programacion-Backend\Entregas\Pre entrega 3\node_modules\mongoose\lib\schema\number.js:423:20)
      at SchemaNumber.SchemaType.castForQueryWrapper (D:\Cursos\Programación\Programacion-Backend\Entregas\Pre entrega 3\node_modules\mongoose\lib\schematype.js:1510:22)
      at cast (D:\Cursos\Programación\Programacion-Backend\Entregas\Pre entrega 3\node_modules\mongoose\lib\cast.js:312:39)
      at cast (D:\Cursos\Programación\Programacion-Backend\Entregas\Pre entrega 3\node_modules\mongoose\lib\cast.js:75:18)
      at model.Query.Query.cast (D:\Cursos\Programación\Programacion-Backend\Entregas\Pre entrega 3\node_modules\mongoose\lib\query.js:4966:12)
      at model.Query.Query._castConditions (D:\Cursos\Programación\Programacion-Backend\Entregas\Pre entrega 3\node_modules\mongoose\lib\query.js:2058:10)
      at model.Query.<anonymous> (D:\Cursos\Programación\Programacion-Backend\Entregas\Pre entrega 3\node_modules\mongoose\lib\query.js:2085:8) {
    generatedMessage: true,
    code: 'ERR_ASSERTION',
    actual: false,
    expected: true,
    operator: '=='
  },
  valueType: 'number'
}
[2021-11-15T21:34:47.700] [ERROR] myError - CastError: Cast to Number failed for value "NaN" (type number) at path "price" for model "Product"
    at model.Query.exec (D:\Cursos\Programación\Programacion-Backend\Entregas\Pre entrega 3\node_modules\mongoose\lib\query.js:4543:21)
    at model.Query.Query.then (D:\Cursos\Programación\Programacion-Backend\Entregas\Pre entrega 3\node_modules\mongoose\lib\query.js:4642:15)
    at processTicksAndRejections (internal/process/task_queues.js:93:5) {
  messageFormat: undefined,
  stringValue: '"NaN"',
  kind: 'Number',
  value: NaN,
  path: 'price',
  reason: AssertionError [ERR_ASSERTION]: The expression evaluated to a falsy value:
  
    assert.ok(!isNaN(val))
  
      at castNumber (D:\Cursos\Programación\Programacion-Backend\Entregas\Pre entrega 3\node_modules\mongoose\lib\cast\number.js:28:10)
      at SchemaNumber.cast (D:\Cursos\Programación\Programacion-Backend\Entregas\Pre entrega 3\node_modules\mongoose\lib\schema\number.js:371:12)
      at SchemaNumber.handleSingle (D:\Cursos\Programación\Programacion-Backend\Entregas\Pre entrega 3\node_modules\mongoose\lib\schema\number.js:382:15)
      at SchemaNumber.castForQuery (D:\Cursos\Programación\Programacion-Backend\Entregas\Pre entrega 3\node_modules\mongoose\lib\schema\number.js:423:20)
      at SchemaNumber.SchemaType.castForQueryWrapper (D:\Cursos\Programación\Programacion-Backend\Entregas\Pre entrega 3\node_modules\mongoose\lib\schematype.js:1510:22)
      at cast (D:\Cursos\Programación\Programacion-Backend\Entregas\Pre entrega 3\node_modules\mongoose\lib\cast.js:312:39)
      at cast (D:\Cursos\Programación\Programacion-Backend\Entregas\Pre entrega 3\node_modules\mongoose\lib\cast.js:75:18)
      at model.Query.Query.cast (D:\Cursos\Programación\Programacion-Backend\Entregas\Pre entrega 3\node_modules\mongoose\lib\query.js:4966:12)
      at model.Query.Query._castConditions (D:\Cursos\Programación\Programacion-Backend\Entregas\Pre entrega 3\node_modules\mongoose\lib\query.js:2058:10)
      at model.Query.<anonymous> (D:\Cursos\Programación\Programacion-Backend\Entregas\Pre entrega 3\node_modules\mongoose\lib\query.js:2085:8) {
    generatedMessage: true,
    code: 'ERR_ASSERTION',
    actual: false,
    expected: true,
    operator: '=='
  },
  valueType: 'number'
}
[2021-11-15T23:21:55.979] [ERROR] myError - ReferenceError: pricemin is not defined
    at exports.getByPrice (D:\Cursos\Programación\Programacion-Backend\Entregas\Pre entrega 3\src\controller\product.js:140:52)
    at Layer.handle [as handle_request] (D:\Cursos\Programación\Programacion-Backend\Entregas\Pre entrega 3\node_modules\express\lib\router\layer.js:95:5)
    at next (D:\Cursos\Programación\Programacion-Backend\Entregas\Pre entrega 3\node_modules\express\lib\router\route.js:137:13)
    at exports.checkAuthentication (D:\Cursos\Programación\Programacion-Backend\Entregas\Pre entrega 3\src\auth\checkAuth.js:3:7)
    at Layer.handle [as handle_request] (D:\Cursos\Programación\Programacion-Backend\Entregas\Pre entrega 3\node_modules\express\lib\router\layer.js:95:5)
    at next (D:\Cursos\Programación\Programacion-Backend\Entregas\Pre entrega 3\node_modules\express\lib\router\route.js:137:13)
    at Route.dispatch (D:\Cursos\Programación\Programacion-Backend\Entregas\Pre entrega 3\node_modules\express\lib\router\route.js:112:3)
    at Layer.handle [as handle_request] (D:\Cursos\Programación\Programacion-Backend\Entregas\Pre entrega 3\node_modules\express\lib\router\layer.js:95:5)
    at D:\Cursos\Programación\Programacion-Backend\Entregas\Pre entrega 3\node_modules\express\lib\router\index.js:281:22
    at Function.process_params (D:\Cursos\Programación\Programacion-Backend\Entregas\Pre entrega 3\node_modules\express\lib\router\index.js:335:12)
[2021-11-15T23:21:59.882] [ERROR] myError - ReferenceError: pricemin is not defined
    at exports.getByPrice (D:\Cursos\Programación\Programacion-Backend\Entregas\Pre entrega 3\src\controller\product.js:140:52)
    at Layer.handle [as handle_request] (D:\Cursos\Programación\Programacion-Backend\Entregas\Pre entrega 3\node_modules\express\lib\router\layer.js:95:5)
    at next (D:\Cursos\Programación\Programacion-Backend\Entregas\Pre entrega 3\node_modules\express\lib\router\route.js:137:13)
    at exports.checkAuthentication (D:\Cursos\Programación\Programacion-Backend\Entregas\Pre entrega 3\src\auth\checkAuth.js:3:7)
    at Layer.handle [as handle_request] (D:\Cursos\Programación\Programacion-Backend\Entregas\Pre entrega 3\node_modules\express\lib\router\layer.js:95:5)
    at next (D:\Cursos\Programación\Programacion-Backend\Entregas\Pre entrega 3\node_modules\express\lib\router\route.js:137:13)
    at Route.dispatch (D:\Cursos\Programación\Programacion-Backend\Entregas\Pre entrega 3\node_modules\express\lib\router\route.js:112:3)
    at Layer.handle [as handle_request] (D:\Cursos\Programación\Programacion-Backend\Entregas\Pre entrega 3\node_modules\express\lib\router\layer.js:95:5)
    at D:\Cursos\Programación\Programacion-Backend\Entregas\Pre entrega 3\node_modules\express\lib\router\index.js:281:22
    at Function.process_params (D:\Cursos\Programación\Programacion-Backend\Entregas\Pre entrega 3\node_modules\express\lib\router\index.js:335:12)
[2021-11-15T23:22:06.615] [ERROR] myError - ReferenceError: pricemin is not defined
    at exports.getByPrice (D:\Cursos\Programación\Programacion-Backend\Entregas\Pre entrega 3\src\controller\product.js:140:52)
    at Layer.handle [as handle_request] (D:\Cursos\Programación\Programacion-Backend\Entregas\Pre entrega 3\node_modules\express\lib\router\layer.js:95:5)
    at next (D:\Cursos\Programación\Programacion-Backend\Entregas\Pre entrega 3\node_modules\express\lib\router\route.js:137:13)
    at exports.checkAuthentication (D:\Cursos\Programación\Programacion-Backend\Entregas\Pre entrega 3\src\auth\checkAuth.js:3:7)
    at Layer.handle [as handle_request] (D:\Cursos\Programación\Programacion-Backend\Entregas\Pre entrega 3\node_modules\express\lib\router\layer.js:95:5)
    at next (D:\Cursos\Programación\Programacion-Backend\Entregas\Pre entrega 3\node_modules\express\lib\router\route.js:137:13)
    at Route.dispatch (D:\Cursos\Programación\Programacion-Backend\Entregas\Pre entrega 3\node_modules\express\lib\router\route.js:112:3)
    at Layer.handle [as handle_request] (D:\Cursos\Programación\Programacion-Backend\Entregas\Pre entrega 3\node_modules\express\lib\router\layer.js:95:5)
    at D:\Cursos\Programación\Programacion-Backend\Entregas\Pre entrega 3\node_modules\express\lib\router\index.js:281:22
    at Function.process_params (D:\Cursos\Programación\Programacion-Backend\Entregas\Pre entrega 3\node_modules\express\lib\router\index.js:335:12)
